200321 21:29:34 [Note] Plugin 'FEDERATED' is disabled.
200321 21:29:34 InnoDB: The InnoDB memory heap is disabled
200321 21:29:34 InnoDB: Mutexes and rw_locks use Windows interlocked functions
200321 21:29:34 InnoDB: Compressed tables use zlib 1.2.3
200321 21:29:35 InnoDB: Initializing buffer pool, size = 128.0M
200321 21:29:35 InnoDB: Completed initialization of buffer pool
InnoDB: The first specified data file .\ibdata1 did not exist:
InnoDB: a new database to be created!
200321 21:29:35  InnoDB: Setting file .\ibdata1 size to 10 MB
InnoDB: Database physically writes the file full: wait...
200321 21:29:35  InnoDB: Log file .\ib_logfile0 did not exist: new to be created
InnoDB: Setting log file .\ib_logfile0 size to 5 MB
InnoDB: Database physically writes the file full: wait...
200321 21:29:35  InnoDB: Log file .\ib_logfile1 did not exist: new to be created
InnoDB: Setting log file .\ib_logfile1 size to 5 MB
InnoDB: Database physically writes the file full: wait...
InnoDB: Doublewrite buffer not found: creating new
InnoDB: Doublewrite buffer created
InnoDB: 127 rollback segment(s) active.
InnoDB: Creating foreign key constraint system tables
InnoDB: Foreign key constraint system tables created
200321 21:29:37  InnoDB: Waiting for the background threads to start
200321 21:29:38 InnoDB: 1.1.8 started; log sequence number 0
200321 21:29:38 [Note] Server hostname (bind-address): '127.0.0.1'; port: 3306
200321 21:29:38 [Note]   - '127.0.0.1' resolves to '127.0.0.1';
200321 21:29:38 [Note] Server socket created on IP: '127.0.0.1'.
200321 21:32:05 [Note] Plugin 'FEDERATED' is disabled.
200321 21:32:05 InnoDB: The InnoDB memory heap is disabled
200321 21:32:05 InnoDB: Mutexes and rw_locks use Windows interlocked functions
200321 21:32:05 InnoDB: Compressed tables use zlib 1.2.3
200321 21:32:05 InnoDB: Initializing buffer pool, size = 128.0M
200321 21:32:05 InnoDB: Completed initialization of buffer pool
200321 21:32:05 InnoDB: highest supported file format is Barracuda.
InnoDB: The log sequence number in ibdata files does not match
InnoDB: the log sequence number in the ib_logfiles!
200321 21:32:05  InnoDB: Database was not shut down normally!
InnoDB: Starting crash recovery.
InnoDB: Reading tablespace information from the .ibd files...
InnoDB: Restoring possible half-written data pages from the doublewrite
InnoDB: buffer...
200321 21:32:06  InnoDB: Waiting for the background threads to start
200321 21:32:07 InnoDB: 1.1.8 started; log sequence number 1595675
200321 21:32:07 [Note] Server hostname (bind-address): '127.0.0.1'; port: 3306
200321 21:32:07 [Note]   - '127.0.0.1' resolves to '127.0.0.1';
200321 21:32:07 [Note] Server socket created on IP: '127.0.0.1'.
200324 10:35:51 [Note] Plugin 'FEDERATED' is disabled.
200324 10:35:51 InnoDB: The InnoDB memory heap is disabled
200324 10:35:51 InnoDB: Mutexes and rw_locks use Windows interlocked functions
200324 10:35:51 InnoDB: Compressed tables use zlib 1.2.3
200324 10:35:51 InnoDB: Initializing buffer pool, size = 128.0M
200324 10:35:51 InnoDB: Completed initialization of buffer pool
200324 10:35:52 InnoDB: highest supported file format is Barracuda.
InnoDB: The log sequence number in ibdata files does not match
InnoDB: the log sequence number in the ib_logfiles!
200324 10:35:52  InnoDB: Database was not shut down normally!
InnoDB: Starting crash recovery.
InnoDB: Reading tablespace information from the .ibd files...
InnoDB: Restoring possible half-written data pages from the doublewrite
InnoDB: buffer...
200324 10:35:52  InnoDB: Waiting for the background threads to start
200324 10:35:53 InnoDB: 1.1.8 started; log sequence number 1595675
200324 10:35:53 [Note] Server hostname (bind-address): '127.0.0.1'; port: 3306
200324 10:35:53 [Note]   - '127.0.0.1' resolves to '127.0.0.1';
200324 10:35:53 [Note] Server socket created on IP: '127.0.0.1'.
200324 14:56:48 [Note] Plugin 'FEDERATED' is disabled.
200324 14:56:48 InnoDB: The InnoDB memory heap is disabled
200324 14:56:48 InnoDB: Mutexes and rw_locks use Windows interlocked functions
200324 14:56:48 InnoDB: Compressed tables use zlib 1.2.3
200324 14:56:48 InnoDB: Initializing buffer pool, size = 128.0M
200324 14:56:48 InnoDB: Completed initialization of buffer pool
200324 14:56:48 InnoDB: highest supported file format is Barracuda.
InnoDB: The log sequence number in ibdata files does not match
InnoDB: the log sequence number in the ib_logfiles!
200324 14:56:48  InnoDB: Database was not shut down normally!
InnoDB: Starting crash recovery.
InnoDB: Reading tablespace information from the .ibd files...
InnoDB: Restoring possible half-written data pages from the doublewrite
InnoDB: buffer...
200324 14:56:49  InnoDB: Waiting for the background threads to start
200324 14:56:50 InnoDB: 1.1.8 started; log sequence number 1595675
200324 14:56:50 [Note] Server hostname (bind-address): '127.0.0.1'; port: 3306
200324 14:56:50 [Note]   - '127.0.0.1' resolves to '127.0.0.1';
200324 14:56:50 [Note] Server socket created on IP: '127.0.0.1'.
200325  9:43:46 [Note] Plugin 'FEDERATED' is disabled.
200325  9:43:46 InnoDB: The InnoDB memory heap is disabled
200325  9:43:46 InnoDB: Mutexes and rw_locks use Windows interlocked functions
200325  9:43:46 InnoDB: Compressed tables use zlib 1.2.3
200325  9:43:46 InnoDB: Initializing buffer pool, size = 128.0M
200325  9:43:46 InnoDB: Completed initialization of buffer pool
200325  9:43:46 InnoDB: highest supported file format is Barracuda.
InnoDB: The log sequence number in ibdata files does not match
InnoDB: the log sequence number in the ib_logfiles!
200325  9:43:47  InnoDB: Database was not shut down normally!
InnoDB: Starting crash recovery.
InnoDB: Reading tablespace information from the .ibd files...
InnoDB: Restoring possible half-written data pages from the doublewrite
InnoDB: buffer...
200325  9:43:49  InnoDB: Waiting for the background threads to start
200325  9:43:50 InnoDB: 1.1.8 started; log sequence number 1595675
200325  9:43:50 [Note] Server hostname (bind-address): '127.0.0.1'; port: 3306
200325  9:43:50 [Note]   - '127.0.0.1' resolves to '127.0.0.1';
200325  9:43:50 [Note] Server socket created on IP: '127.0.0.1'.
